build/app/outputs/mapping/release/mapping.txt
# compiler: R8
# compiler_version: 1.5.64
# min_api: 16
# pg_map_id: 6d9ea0e
com.vecinos.edificion247.MainActivity -> com.vecinos.edificion247.MainActivity:
    void configureFlutterEngine(io.flutter.embedding.engine.FlutterEngine) -> b
...
io.grpc.internal.CallTracer -> d.c.n1.l:
    io.grpc.internal.LongCounter callsFailed -> d
    io.grpc.internal.TimeProvider timeProvider -> a
    io.grpc.internal.LongCounter callsSucceeded -> c
    io.grpc.internal.LongCounter callsStarted -> b
    void reportCallEnded(boolean) -> a
    void reportCallStarted() -> a
io.grpc.internal.CallTracer$1 -> d.c.n1.l$a:
    io.grpc.internal.CallTracer create() -> a
io.grpc.internal.CallTracer$Factory -> d.c.n1.l$b:
    io.grpc.internal.CallTracer create() -> a
io.grpc.internal.CensusStatsModule -> d.c.n1.m:
    double NANOS_PER_MILLI -> j
    io.grpc.Metadata$Key statsHeader -> d
    io.opencensus.stats.StatsRecorder statsRecorder -> b
    java.util.logging.Logger logger -> i
    io.opencensus.tags.Tagger tagger -> a
    boolean propagateTags -> e
    boolean recordStartedRpcs -> f
    boolean recordFinishedRpcs -> g
    boolean recordRealTimeMetrics -> h
    com.google.common.base.Supplier stopwatchSupplier -> c
    void access$100(io.grpc.internal.CensusStatsModule,io.opencensus.tags.TagContext,io.opencensus.stats.Measure$MeasureDouble,double) -> a
    void access$200(io.grpc.internal.CensusStatsModule,io.opencensus.tags.TagContext,io.opencensus.stats.Measure$MeasureLong,long) -> a
    io.opencensus.tags.Tagger access$300(io.grpc.internal.CensusStatsModule) -> a
    io.grpc.ClientInterceptor getClientInterceptor() -> a
    io.grpc.internal.CensusStatsModule$ClientCallTracer newClientCallTracer(io.opencensus.tags.TagContext,java.lang.String) -> a
    void recordRealTimeMetric(io.opencensus.tags.TagContext,io.opencensus.stats.Measure$MeasureDouble,double) -> a
    void recordRealTimeMetric(io.opencensus.tags.TagContext,io.opencensus.stats.Measure$MeasureLong,long) -> a
    java.util.logging.Logger access$000() -> b
    com.google.common.base.Supplier access$400(io.grpc.internal.CensusStatsModule) -> b
    boolean access$500(io.grpc.internal.CensusStatsModule) -> c
    double access$900() -> c
io.grpc.internal.CensusStatsModule$1 -> d.c.n1.m$a:
    io.opencensus.tags.Tagger val$tagger -> b
    io.opencensus.tags.propagation.TagContextBinarySerializer val$tagCtxSerializer -> a
    io.opencensus.tags.TagContext parseBytes(byte[]) -> a
    java.lang.Object parseBytes(byte[]) -> a
    byte[] toBytes(io.opencensus.tags.TagContext) -> a
    byte[] toBytes(java.lang.Object) -> a
io.grpc.internal.CensusStatsModule$ClientCallTracer -> d.c.n1.m$b:
    com.google.common.base.Stopwatch stopwatch -> b
    io.opencensus.tags.TagContext startCtx -> f
    io.grpc.internal.CensusStatsModule module -> a
    io.opencensus.tags.TagContext parentCtx -> e
    io.grpc.internal.CensusStatsModule$ClientTracer streamTracer -> c
    java.util.concurrent.atomic.AtomicReferenceFieldUpdater streamTracerUpdater -> g
    java.util.concurrent.atomic.AtomicIntegerFieldUpdater callEndedUpdater -> h
    int callEnded -> d
    void callEnded(io.grpc.Status) -> a
    io.grpc.ClientStreamTracer newClientStreamTracer(io.grpc.ClientStreamTracer$StreamInfo,io.grpc.Metadata) -> a